2015-07-23 22:56:55 Error: [PDOException] SQLSTATE[HY000] [2002] No such file or directory
Stack Trace:
#0 /Users/remigio/Documents/workspace/PHP/iprestador/vendor/cakephp/cakephp/src/Database/Driver/PDODriverTrait.php(48): PDO->__construct('mysql:host=loca...', 'my_app', 'secret', Array)
#1 /Users/remigio/Documents/workspace/PHP/iprestador/vendor/cakephp/cakephp/src/Database/Driver/Mysql.php(89): Cake\Database\Driver\Mysql->_connect('mysql:host=loca...', Array)
#2 /Users/remigio/Documents/workspace/PHP/iprestador/vendor/cakephp/cakephp/src/Database/Schema/BaseSchema.php(46): Cake\Database\Driver\Mysql->connect()
#3 /Users/remigio/Documents/workspace/PHP/iprestador/vendor/cakephp/cakephp/src/Database/Dialect/MysqlDialectTrait.php(62): Cake\Database\Schema\BaseSchema->__construct(Object(Cake\Database\Driver\Mysql))
#4 /Users/remigio/Documents/workspace/PHP/iprestador/vendor/cakephp/cakephp/src/Database/Schema/Collection.php(52): Cake\Database\Driver\Mysql->schemaDialect()
#5 /Users/remigio/Documents/workspace/PHP/iprestador/vendor/cakephp/cakephp/src/Database/Schema/CachedCollection.php(44): Cake\Database\Schema\Collection->__construct(Object(Cake\Database\Connection))
#6 /Users/remigio/Documents/workspace/PHP/iprestador/vendor/cakephp/cakephp/src/Database/Connection.php(319): Cake\Database\Schema\CachedCollection->__construct(Object(Cake\Database\Connection), true)
#7 /Users/remigio/Documents/workspace/PHP/iprestador/vendor/cakephp/bake/src/Shell/Task/ModelTask.php(819): Cake\Database\Connection->schemaCollection()
#8 /Users/remigio/Documents/workspace/PHP/iprestador/vendor/cakephp/bake/src/Shell/Task/ModelTask.php(795): Bake\Shell\Task\ModelTask->_getAllTables()
#9 /Users/remigio/Documents/workspace/PHP/iprestador/vendor/cakephp/bake/src/Shell/BakeShell.php(228): Bake\Shell\Task\ModelTask->listAll()
#10 [internal function]: Bake\Shell\BakeShell->all()
#11 /Users/remigio/Documents/workspace/PHP/iprestador/vendor/cakephp/cakephp/src/Console/Shell.php(380): call_user_func_array(Array, Array)
#12 /Users/remigio/Documents/workspace/PHP/iprestador/vendor/cakephp/cakephp/src/Console/ShellDispatcher.php(204): Cake\Console\Shell->runCommand(Array, true)
#13 /Users/remigio/Documents/workspace/PHP/iprestador/vendor/cakephp/cakephp/src/Console/ShellDispatcher.php(175): Cake\Console\ShellDispatcher->_dispatch()
#14 /Users/remigio/Documents/workspace/PHP/iprestador/vendor/cakephp/cakephp/src/Console/ShellDispatcher.php(126): Cake\Console\ShellDispatcher->dispatch()
#15 /Users/remigio/Documents/workspace/PHP/iprestador/bin/cake.php(33): Cake\Console\ShellDispatcher::run(Array)
#16 {main}


2015-07-23 22:57:08 Error: [PDOException] SQLSTATE[HY000] [2002] No such file or directory
Stack Trace:
#0 /Users/remigio/Documents/workspace/PHP/iprestador/vendor/cakephp/cakephp/src/Database/Driver/PDODriverTrait.php(48): PDO->__construct('mysql:host=loca...', 'my_app', 'secret', Array)
#1 /Users/remigio/Documents/workspace/PHP/iprestador/vendor/cakephp/cakephp/src/Database/Driver/Mysql.php(89): Cake\Database\Driver\Mysql->_connect('mysql:host=loca...', Array)
#2 /Users/remigio/Documents/workspace/PHP/iprestador/vendor/cakephp/cakephp/src/Database/Schema/BaseSchema.php(46): Cake\Database\Driver\Mysql->connect()
#3 /Users/remigio/Documents/workspace/PHP/iprestador/vendor/cakephp/cakephp/src/Database/Dialect/MysqlDialectTrait.php(62): Cake\Database\Schema\BaseSchema->__construct(Object(Cake\Database\Driver\Mysql))
#4 /Users/remigio/Documents/workspace/PHP/iprestador/vendor/cakephp/cakephp/src/Database/Schema/Collection.php(52): Cake\Database\Driver\Mysql->schemaDialect()
#5 /Users/remigio/Documents/workspace/PHP/iprestador/vendor/cakephp/cakephp/src/Database/Schema/CachedCollection.php(44): Cake\Database\Schema\Collection->__construct(Object(Cake\Database\Connection))
#6 /Users/remigio/Documents/workspace/PHP/iprestador/vendor/cakephp/cakephp/src/Database/Connection.php(319): Cake\Database\Schema\CachedCollection->__construct(Object(Cake\Database\Connection), true)
#7 /Users/remigio/Documents/workspace/PHP/iprestador/vendor/cakephp/bake/src/Shell/Task/ModelTask.php(819): Cake\Database\Connection->schemaCollection()
#8 /Users/remigio/Documents/workspace/PHP/iprestador/vendor/cakephp/bake/src/Shell/Task/ModelTask.php(795): Bake\Shell\Task\ModelTask->_getAllTables()
#9 /Users/remigio/Documents/workspace/PHP/iprestador/vendor/cakephp/bake/src/Shell/Task/ModelTask.php(90): Bake\Shell\Task\ModelTask->listAll()
#10 [internal function]: Bake\Shell\Task\ModelTask->main()
#11 /Users/remigio/Documents/workspace/PHP/iprestador/vendor/cakephp/cakephp/src/Console/Shell.php(391): call_user_func_array(Array, Array)
#12 /Users/remigio/Documents/workspace/PHP/iprestador/vendor/cakephp/cakephp/src/Console/Shell.php(386): Cake\Console\Shell->runCommand(Array, false)
#13 /Users/remigio/Documents/workspace/PHP/iprestador/vendor/cakephp/cakephp/src/Console/ShellDispatcher.php(204): Cake\Console\Shell->runCommand(Array, true)
#14 /Users/remigio/Documents/workspace/PHP/iprestador/vendor/cakephp/cakephp/src/Console/ShellDispatcher.php(175): Cake\Console\ShellDispatcher->_dispatch()
#15 /Users/remigio/Documents/workspace/PHP/iprestador/vendor/cakephp/cakephp/src/Console/ShellDispatcher.php(126): Cake\Console\ShellDispatcher->dispatch()
#16 /Users/remigio/Documents/workspace/PHP/iprestador/bin/cake.php(33): Cake\Console\ShellDispatcher::run(Array)
#17 {main}


2015-07-23 22:57:29 Error: [PDOException] SQLSTATE[HY000] [2002] No such file or directory
Stack Trace:
#0 /Users/remigio/Documents/workspace/PHP/iprestador/vendor/cakephp/cakephp/src/Database/Driver/PDODriverTrait.php(48): PDO->__construct('mysql:host=loca...', 'my_app', 'secret', Array)
#1 /Users/remigio/Documents/workspace/PHP/iprestador/vendor/cakephp/cakephp/src/Database/Driver/Mysql.php(89): Cake\Database\Driver\Mysql->_connect('mysql:host=loca...', Array)
#2 /Users/remigio/Documents/workspace/PHP/iprestador/vendor/cakephp/cakephp/src/Database/Schema/BaseSchema.php(46): Cake\Database\Driver\Mysql->connect()
#3 /Users/remigio/Documents/workspace/PHP/iprestador/vendor/cakephp/cakephp/src/Database/Dialect/MysqlDialectTrait.php(62): Cake\Database\Schema\BaseSchema->__construct(Object(Cake\Database\Driver\Mysql))
#4 /Users/remigio/Documents/workspace/PHP/iprestador/vendor/cakephp/cakephp/src/Database/Schema/Collection.php(52): Cake\Database\Driver\Mysql->schemaDialect()
#5 /Users/remigio/Documents/workspace/PHP/iprestador/vendor/cakephp/cakephp/src/Database/Schema/CachedCollection.php(44): Cake\Database\Schema\Collection->__construct(Object(Cake\Database\Connection))
#6 /Users/remigio/Documents/workspace/PHP/iprestador/vendor/cakephp/cakephp/src/Database/Connection.php(319): Cake\Database\Schema\CachedCollection->__construct(Object(Cake\Database\Connection), true)
#7 /Users/remigio/Documents/workspace/PHP/iprestador/vendor/cakephp/bake/src/Shell/Task/ModelTask.php(819): Cake\Database\Connection->schemaCollection()
#8 /Users/remigio/Documents/workspace/PHP/iprestador/vendor/cakephp/bake/src/Shell/Task/ModelTask.php(795): Bake\Shell\Task\ModelTask->_getAllTables()
#9 /Users/remigio/Documents/workspace/PHP/iprestador/vendor/cakephp/bake/src/Shell/BakeShell.php(228): Bake\Shell\Task\ModelTask->listAll()
#10 [internal function]: Bake\Shell\BakeShell->all()
#11 /Users/remigio/Documents/workspace/PHP/iprestador/vendor/cakephp/cakephp/src/Console/Shell.php(380): call_user_func_array(Array, Array)
#12 /Users/remigio/Documents/workspace/PHP/iprestador/vendor/cakephp/cakephp/src/Console/ShellDispatcher.php(204): Cake\Console\Shell->runCommand(Array, true)
#13 /Users/remigio/Documents/workspace/PHP/iprestador/vendor/cakephp/cakephp/src/Console/ShellDispatcher.php(175): Cake\Console\ShellDispatcher->_dispatch()
#14 /Users/remigio/Documents/workspace/PHP/iprestador/vendor/cakephp/cakephp/src/Console/ShellDispatcher.php(126): Cake\Console\ShellDispatcher->dispatch()
#15 /Users/remigio/Documents/workspace/PHP/iprestador/bin/cake.php(33): Cake\Console\ShellDispatcher::run(Array)
#16 {main}


2015-07-23 23:00:50 Error: [PDOException] SQLSTATE[HY000] [2002] No such file or directory
Stack Trace:
#0 /Users/remigio/Documents/workspace/PHP/iprestador/vendor/cakephp/cakephp/src/Database/Driver/PDODriverTrait.php(48): PDO->__construct('mysql:host=loca...', 'my_app', 'secret', Array)
#1 /Users/remigio/Documents/workspace/PHP/iprestador/vendor/cakephp/cakephp/src/Database/Driver/Mysql.php(89): Cake\Database\Driver\Mysql->_connect('mysql:host=loca...', Array)
#2 /Users/remigio/Documents/workspace/PHP/iprestador/vendor/cakephp/cakephp/src/Database/Schema/BaseSchema.php(46): Cake\Database\Driver\Mysql->connect()
#3 /Users/remigio/Documents/workspace/PHP/iprestador/vendor/cakephp/cakephp/src/Database/Dialect/MysqlDialectTrait.php(62): Cake\Database\Schema\BaseSchema->__construct(Object(Cake\Database\Driver\Mysql))
#4 /Users/remigio/Documents/workspace/PHP/iprestador/vendor/cakephp/cakephp/src/Database/Schema/Collection.php(52): Cake\Database\Driver\Mysql->schemaDialect()
#5 /Users/remigio/Documents/workspace/PHP/iprestador/vendor/cakephp/cakephp/src/Database/Schema/CachedCollection.php(44): Cake\Database\Schema\Collection->__construct(Object(Cake\Database\Connection))
#6 /Users/remigio/Documents/workspace/PHP/iprestador/vendor/cakephp/cakephp/src/Database/Connection.php(319): Cake\Database\Schema\CachedCollection->__construct(Object(Cake\Database\Connection), true)
#7 /Users/remigio/Documents/workspace/PHP/iprestador/vendor/cakephp/bake/src/Shell/Task/ModelTask.php(819): Cake\Database\Connection->schemaCollection()
#8 /Users/remigio/Documents/workspace/PHP/iprestador/vendor/cakephp/bake/src/Shell/Task/ModelTask.php(795): Bake\Shell\Task\ModelTask->_getAllTables()
#9 /Users/remigio/Documents/workspace/PHP/iprestador/vendor/cakephp/bake/src/Shell/BakeShell.php(228): Bake\Shell\Task\ModelTask->listAll()
#10 [internal function]: Bake\Shell\BakeShell->all()
#11 /Users/remigio/Documents/workspace/PHP/iprestador/vendor/cakephp/cakephp/src/Console/Shell.php(380): call_user_func_array(Array, Array)
#12 /Users/remigio/Documents/workspace/PHP/iprestador/vendor/cakephp/cakephp/src/Console/ShellDispatcher.php(204): Cake\Console\Shell->runCommand(Array, true)
#13 /Users/remigio/Documents/workspace/PHP/iprestador/vendor/cakephp/cakephp/src/Console/ShellDispatcher.php(175): Cake\Console\ShellDispatcher->_dispatch()
#14 /Users/remigio/Documents/workspace/PHP/iprestador/vendor/cakephp/cakephp/src/Console/ShellDispatcher.php(126): Cake\Console\ShellDispatcher->dispatch()
#15 /Users/remigio/Documents/workspace/PHP/iprestador/bin/cake.php(33): Cake\Console\ShellDispatcher::run(Array)
#16 {main}


